<?xml version="1.0" encoding="UTF-8"?>
<coverage generated="1575949062607" clover="3.2.0">
  <project timestamp="1575949062608" name="All files">
    <metrics statements="71" coveredstatements="34" conditionals="24" coveredconditionals="1" methods="9" coveredmethods="1" elements="104" coveredelements="36" complexity="0" loc="71" ncloc="71" packages="4" files="11" classes="11">
      <package name="config">
        <metrics statements="1" coveredstatements="1" conditionals="0" coveredconditionals="0" methods="0" coveredmethods="0"/>
        <file name="database.js" path="/Users/rodrigotanikawa/Documents/Angular-7-CRUD-with-Web-API-master/node-server/node-express-boilerplate/src/config/database.js">
          <metrics statements="1" coveredstatements="1" conditionals="0" coveredconditionals="0" methods="0" coveredmethods="0"/>
          <line num="1" count="1" type="stmt"/>
        </file>
      </package>
      <package name="repositories">
        <metrics statements="20" coveredstatements="16" conditionals="2" coveredconditionals="1" methods="2" coveredmethods="0"/>
        <file name="Transaction.js" path="/Users/rodrigotanikawa/Documents/Angular-7-CRUD-with-Web-API-master/node-server/node-express-boilerplate/src/repositories/Transaction.js">
          <metrics statements="3" coveredstatements="2" conditionals="0" coveredconditionals="0" methods="1" coveredmethods="0"/>
          <line num="1" count="1" type="stmt"/>
          <line num="5" count="1" type="stmt"/>
          <line num="6" count="0" type="stmt"/>
        </file>
        <file name="dbContext.js" path="/Users/rodrigotanikawa/Documents/Angular-7-CRUD-with-Web-API-master/node-server/node-express-boilerplate/src/repositories/dbContext.js">
          <metrics statements="6" coveredstatements="6" conditionals="2" coveredconditionals="1" methods="0" coveredmethods="0"/>
          <line num="1" count="1" type="stmt"/>
          <line num="2" count="1" type="stmt"/>
          <line num="3" count="1" type="stmt"/>
          <line num="5" count="1" type="stmt"/>
          <line num="10" count="1" type="stmt"/>
          <line num="12" count="1" type="stmt"/>
        </file>
        <file name="index.js" path="/Users/rodrigotanikawa/Documents/Angular-7-CRUD-with-Web-API-master/node-server/node-express-boilerplate/src/repositories/index.js">
          <metrics statements="4" coveredstatements="4" conditionals="0" coveredconditionals="0" methods="0" coveredmethods="0"/>
          <line num="1" count="1" type="stmt"/>
          <line num="2" count="1" type="stmt"/>
          <line num="3" count="1" type="stmt"/>
          <line num="5" count="1" type="stmt"/>
        </file>
        <file name="produtos.js" path="/Users/rodrigotanikawa/Documents/Angular-7-CRUD-with-Web-API-master/node-server/node-express-boilerplate/src/repositories/produtos.js">
          <metrics statements="7" coveredstatements="4" conditionals="0" coveredconditionals="0" methods="1" coveredmethods="0"/>
          <line num="1" count="1" type="stmt"/>
          <line num="3" count="1" type="stmt"/>
          <line num="26" count="1" type="stmt"/>
          <line num="27" count="0" type="stmt"/>
          <line num="28" count="0" type="stmt"/>
          <line num="29" count="0" type="stmt"/>
          <line num="32" count="1" type="stmt"/>
        </file>
      </package>
      <package name="services.produtos">
        <metrics statements="10" coveredstatements="10" conditionals="0" coveredconditionals="0" methods="1" coveredmethods="1"/>
        <file name="getAll.js" path="/Users/rodrigotanikawa/Documents/Angular-7-CRUD-with-Web-API-master/node-server/node-express-boilerplate/src/services/produtos/getAll.js">
          <metrics statements="8" coveredstatements="8" conditionals="0" coveredconditionals="0" methods="1" coveredmethods="1"/>
          <line num="1" count="1" type="stmt"/>
          <line num="2" count="1" type="stmt"/>
          <line num="3" count="1" type="stmt"/>
          <line num="4" count="1" type="stmt"/>
          <line num="5" count="1" type="stmt"/>
          <line num="7" count="1" type="stmt"/>
          <line num="12" count="1" type="stmt"/>
          <line num="14" count="1" type="stmt"/>
        </file>
        <file name="index.js" path="/Users/rodrigotanikawa/Documents/Angular-7-CRUD-with-Web-API-master/node-server/node-express-boilerplate/src/services/produtos/index.js">
          <metrics statements="2" coveredstatements="2" conditionals="0" coveredconditionals="0" methods="0" coveredmethods="0"/>
          <line num="1" count="1" type="stmt"/>
          <line num="3" count="1" type="stmt"/>
        </file>
      </package>
      <package name="utils">
        <metrics statements="40" coveredstatements="7" conditionals="22" coveredconditionals="0" methods="6" coveredmethods="0"/>
        <file name="constant.js" path="/Users/rodrigotanikawa/Documents/Angular-7-CRUD-with-Web-API-master/node-server/node-express-boilerplate/src/utils/constant.js">
          <metrics statements="2" coveredstatements="2" conditionals="0" coveredconditionals="0" methods="0" coveredmethods="0"/>
          <line num="1" count="1" type="stmt"/>
          <line num="7" count="1" type="stmt"/>
        </file>
        <file name="db.js" path="/Users/rodrigotanikawa/Documents/Angular-7-CRUD-with-Web-API-master/node-server/node-express-boilerplate/src/utils/db.js">
          <metrics statements="24" coveredstatements="3" conditionals="20" coveredconditionals="0" methods="2" coveredmethods="0"/>
          <line num="1" count="1" type="stmt"/>
          <line num="2" count="1" type="stmt"/>
          <line num="4" count="1" type="stmt"/>
          <line num="6" count="0" type="stmt"/>
          <line num="7" count="0" type="stmt"/>
          <line num="8" count="0" type="cond" truecount="0" falsecount="2"/>
          <line num="9" count="0" type="stmt"/>
          <line num="11" count="0" type="cond" truecount="0" falsecount="4"/>
          <line num="12" count="0" type="stmt"/>
          <line num="13" count="0" type="cond" truecount="0" falsecount="4"/>
          <line num="14" count="0" type="stmt"/>
          <line num="15" count="0" type="cond" truecount="0" falsecount="2"/>
          <line num="16" count="0" type="stmt"/>
          <line num="20" count="0" type="cond" truecount="0" falsecount="8"/>
          <line num="21" count="0" type="stmt"/>
          <line num="22" count="0" type="stmt"/>
          <line num="23" count="0" type="stmt"/>
          <line num="24" count="0" type="stmt"/>
          <line num="25" count="0" type="stmt"/>
          <line num="26" count="0" type="stmt"/>
          <line num="27" count="0" type="stmt"/>
          <line num="28" count="0" type="stmt"/>
          <line num="31" count="0" type="stmt"/>
          <line num="34" count="0" type="stmt"/>
        </file>
        <file name="httpError.js" path="/Users/rodrigotanikawa/Documents/Angular-7-CRUD-with-Web-API-master/node-server/node-express-boilerplate/src/utils/httpError.js">
          <metrics statements="5" coveredstatements="1" conditionals="0" coveredconditionals="0" methods="1" coveredmethods="0"/>
          <line num="1" count="1" type="stmt"/>
          <line num="2" count="0" type="stmt"/>
          <line num="3" count="0" type="stmt"/>
          <line num="4" count="0" type="stmt"/>
          <line num="5" count="0" type="stmt"/>
        </file>
        <file name="transformData.js" path="/Users/rodrigotanikawa/Documents/Angular-7-CRUD-with-Web-API-master/node-server/node-express-boilerplate/src/utils/transformData.js">
          <metrics statements="9" coveredstatements="1" conditionals="2" coveredconditionals="0" methods="3" coveredmethods="0"/>
          <line num="1" count="1" type="stmt"/>
          <line num="3" count="0" type="stmt"/>
          <line num="4" count="0" type="cond" truecount="0" falsecount="2"/>
          <line num="5" count="0" type="stmt"/>
          <line num="6" count="0" type="stmt"/>
          <line num="7" count="0" type="stmt"/>
          <line num="8" count="0" type="stmt"/>
          <line num="10" count="0" type="stmt"/>
          <line num="12" count="0" type="stmt"/>
        </file>
      </package>
    </metrics>
  </project>
</coverage>
