{"/Users/rodrigotanikawa/Documents/Angular-7-CRUD-with-Web-API-master/node-server/node-express-boilerplate/src/config/database.js": {"path":"/Users/rodrigotanikawa/Documents/Angular-7-CRUD-with-Web-API-master/node-server/node-express-boilerplate/src/config/database.js","statementMap":{"0":{"start":{"line":1,"column":0},"end":{"line":16,"column":1}}},"fnMap":{},"branchMap":{},"s":{"0":1},"f":{},"b":{},"_coverageSchema":"332fd63041d2c1bcb487cc26dd0d5f7d97098a6c","hash":"e6074f82afa70e1d1df04135903b5443c0851de7"}
,"/Users/rodrigotanikawa/Documents/Angular-7-CRUD-with-Web-API-master/node-server/node-express-boilerplate/src/repositories/Transaction.js": {"path":"/Users/rodrigotanikawa/Documents/Angular-7-CRUD-with-Web-API-master/node-server/node-express-boilerplate/src/repositories/Transaction.js","statementMap":{"0":{"start":{"line":1,"column":20},"end":{"line":1,"column":42}},"1":{"start":{"line":5,"column":0},"end":{"line":7,"column":1}},"2":{"start":{"line":6,"column":2},"end":{"line":6,"column":39}}},"fnMap":{"0":{"name":"(anonymous_0)","decl":{"start":{"line":5,"column":17},"end":{"line":5,"column":18}},"loc":{"start":{"line":5,"column":42},"end":{"line":7,"column":1}},"line":5}},"branchMap":{},"s":{"0":1,"1":1,"2":0},"f":{"0":0},"b":{},"_coverageSchema":"332fd63041d2c1bcb487cc26dd0d5f7d97098a6c","hash":"0e25633d6ea2427dcff6ca4671f4a7b76a07f404"}
,"/Users/rodrigotanikawa/Documents/Angular-7-CRUD-with-Web-API-master/node-server/node-express-boilerplate/src/repositories/dbContext.js": {"path":"/Users/rodrigotanikawa/Documents/Angular-7-CRUD-with-Web-API-master/node-server/node-express-boilerplate/src/repositories/dbContext.js","statementMap":{"0":{"start":{"line":1,"column":18},"end":{"line":1,"column":38}},"1":{"start":{"line":2,"column":17},"end":{"line":2,"column":46}},"2":{"start":{"line":3,"column":15},"end":{"line":3,"column":37}},"3":{"start":{"line":5,"column":18},"end":{"line":9,"column":2}},"4":{"start":{"line":10,"column":11},"end":{"line":10,"column":23}},"5":{"start":{"line":12,"column":0},"end":{"line":17,"column":1}}},"fnMap":{},"branchMap":{"0":{"loc":{"start":{"line":8,"column":11},"end":{"line":8,"column":61}},"type":"cond-expr","locations":[{"start":{"line":8,"column":36},"end":{"line":8,"column":47}},{"start":{"line":8,"column":50},"end":{"line":8,"column":61}}],"line":8}},"s":{"0":1,"1":1,"2":1,"3":1,"4":1,"5":1},"f":{},"b":{"0":[0,1]},"_coverageSchema":"332fd63041d2c1bcb487cc26dd0d5f7d97098a6c","hash":"2e3265fcddee24e2801847f3cceae35728083f10"}
,"/Users/rodrigotanikawa/Documents/Angular-7-CRUD-with-Web-API-master/node-server/node-express-boilerplate/src/repositories/index.js": {"path":"/Users/rodrigotanikawa/Documents/Angular-7-CRUD-with-Web-API-master/node-server/node-express-boilerplate/src/repositories/index.js","statementMap":{"0":{"start":{"line":1,"column":17},"end":{"line":1,"column":38}},"1":{"start":{"line":2,"column":20},"end":{"line":2,"column":44}},"2":{"start":{"line":3,"column":25},"end":{"line":3,"column":47}},"3":{"start":{"line":5,"column":0},"end":{"line":10,"column":1}}},"fnMap":{},"branchMap":{},"s":{"0":1,"1":1,"2":1,"3":1},"f":{},"b":{},"_coverageSchema":"332fd63041d2c1bcb487cc26dd0d5f7d97098a6c","hash":"37c8dfd7ce80c711c1ba2aa15a71f20f06ccbd30"}
,"/Users/rodrigotanikawa/Documents/Angular-7-CRUD-with-Web-API-master/node-server/node-express-boilerplate/src/repositories/produtos.js": {"path":"/Users/rodrigotanikawa/Documents/Angular-7-CRUD-with-Web-API-master/node-server/node-express-boilerplate/src/repositories/produtos.js","statementMap":{"0":{"start":{"line":1,"column":39},"end":{"line":1,"column":61}},"1":{"start":{"line":3,"column":17},"end":{"line":24,"column":2}},"2":{"start":{"line":26,"column":0},"end":{"line":30,"column":1}},"3":{"start":{"line":27,"column":12},"end":{"line":27,"column":36}},"4":{"start":{"line":28,"column":15},"end":{"line":28,"column":80}},"5":{"start":{"line":29,"column":2},"end":{"line":29,"column":16}},"6":{"start":{"line":32,"column":0},"end":{"line":32,"column":25}}},"fnMap":{"0":{"name":"(anonymous_0)","decl":{"start":{"line":26,"column":23},"end":{"line":26,"column":24}},"loc":{"start":{"line":26,"column":47},"end":{"line":30,"column":1}},"line":26}},"branchMap":{},"s":{"0":1,"1":1,"2":1,"3":0,"4":0,"5":0,"6":1},"f":{"0":0},"b":{},"_coverageSchema":"332fd63041d2c1bcb487cc26dd0d5f7d97098a6c","hash":"7cf71e1f5c5205da36b05bdf81957b6434f6c3ce"}
,"/Users/rodrigotanikawa/Documents/Angular-7-CRUD-with-Web-API-master/node-server/node-express-boilerplate/src/services/produtos/getAll.js": {"path":"/Users/rodrigotanikawa/Documents/Angular-7-CRUD-with-Web-API-master/node-server/node-express-boilerplate/src/services/produtos/getAll.js","statementMap":{"0":{"start":{"line":1,"column":14},"end":{"line":1,"column":43}},"1":{"start":{"line":2,"column":15},"end":{"line":2,"column":46}},"2":{"start":{"line":3,"column":14},"end":{"line":3,"column":50}},"3":{"start":{"line":4,"column":14},"end":{"line":4,"column":30}},"4":{"start":{"line":5,"column":18},"end":{"line":5,"column":50}},"5":{"start":{"line":7,"column":0},"end":{"line":18,"column":1}},"6":{"start":{"line":12,"column":20},"end":{"line":12,"column":50}},"7":{"start":{"line":14,"column":2},"end":{"line":17,"column":3}}},"fnMap":{"0":{"name":"(anonymous_0)","decl":{"start":{"line":7,"column":17},"end":{"line":7,"column":18}},"loc":{"start":{"line":7,"column":61},"end":{"line":18,"column":1}},"line":7}},"branchMap":{},"s":{"0":1,"1":1,"2":1,"3":1,"4":1,"5":1,"6":1,"7":1},"f":{"0":1},"b":{},"_coverageSchema":"332fd63041d2c1bcb487cc26dd0d5f7d97098a6c","hash":"5bedb974b60a303f20c7667b71d00064c90da0b0"}
,"/Users/rodrigotanikawa/Documents/Angular-7-CRUD-with-Web-API-master/node-server/node-express-boilerplate/src/services/produtos/index.js": {"path":"/Users/rodrigotanikawa/Documents/Angular-7-CRUD-with-Web-API-master/node-server/node-express-boilerplate/src/services/produtos/index.js","statementMap":{"0":{"start":{"line":1,"column":15},"end":{"line":1,"column":34}},"1":{"start":{"line":3,"column":0},"end":{"line":5,"column":1}}},"fnMap":{},"branchMap":{},"s":{"0":1,"1":1},"f":{},"b":{},"_coverageSchema":"332fd63041d2c1bcb487cc26dd0d5f7d97098a6c","hash":"57d32e9e7187c0f5f2069755e6326290a85971da"}
,"/Users/rodrigotanikawa/Documents/Angular-7-CRUD-with-Web-API-master/node-server/node-express-boilerplate/src/utils/constant.js": {"path":"/Users/rodrigotanikawa/Documents/Angular-7-CRUD-with-Web-API-master/node-server/node-express-boilerplate/src/utils/constant.js","statementMap":{"0":{"start":{"line":1,"column":12},"end":{"line":5,"column":1}},"1":{"start":{"line":7,"column":0},"end":{"line":9,"column":1}}},"fnMap":{},"branchMap":{},"s":{"0":1,"1":1},"f":{},"b":{},"_coverageSchema":"332fd63041d2c1bcb487cc26dd0d5f7d97098a6c","hash":"0e8b0c8a6cc7b1d8a0ea3044f2086321f17aa2cc"}
,"/Users/rodrigotanikawa/Documents/Angular-7-CRUD-with-Web-API-master/node-server/node-express-boilerplate/src/utils/db.js": {"path":"/Users/rodrigotanikawa/Documents/Angular-7-CRUD-with-Web-API-master/node-server/node-express-boilerplate/src/utils/db.js","statementMap":{"0":{"start":{"line":1,"column":18},"end":{"line":1,"column":38}},"1":{"start":{"line":2,"column":18},"end":{"line":2,"column":38}},"2":{"start":{"line":4,"column":0},"end":{"line":50,"column":1}},"3":{"start":{"line":6,"column":24},"end":{"line":6,"column":26}},"4":{"start":{"line":7,"column":4},"end":{"line":33,"column":6}},"5":{"start":{"line":8,"column":6},"end":{"line":10,"column":7}},"6":{"start":{"line":9,"column":8},"end":{"line":9,"column":39}},"7":{"start":{"line":11,"column":6},"end":{"line":32,"column":7}},"8":{"start":{"line":12,"column":20},"end":{"line":12,"column":30}},"9":{"start":{"line":13,"column":8},"end":{"line":17,"column":9}},"10":{"start":{"line":14,"column":10},"end":{"line":14,"column":73}},"11":{"start":{"line":14,"column":35},"end":{"line":14,"column":62}},"12":{"start":{"line":15,"column":15},"end":{"line":17,"column":9}},"13":{"start":{"line":16,"column":10},"end":{"line":16,"column":46}},"14":{"start":{"line":20,"column":8},"end":{"line":29,"column":9}},"15":{"start":{"line":21,"column":21},"end":{"line":21,"column":107}},"16":{"start":{"line":21,"column":108},"end":{"line":21,"column":113}},"17":{"start":{"line":22,"column":19},"end":{"line":22,"column":105}},"18":{"start":{"line":22,"column":106},"end":{"line":22,"column":111}},"19":{"start":{"line":23,"column":18},"end":{"line":23,"column":101}},"20":{"start":{"line":23,"column":102},"end":{"line":23,"column":107}},"21":{"start":{"line":24,"column":19},"end":{"line":24,"column":103}},"22":{"start":{"line":24,"column":104},"end":{"line":24,"column":109}},"23":{"start":{"line":25,"column":19},"end":{"line":25,"column":103}},"24":{"start":{"line":25,"column":104},"end":{"line":25,"column":109}},"25":{"start":{"line":26,"column":18},"end":{"line":26,"column":101}},"26":{"start":{"line":26,"column":102},"end":{"line":26,"column":107}},"27":{"start":{"line":27,"column":18},"end":{"line":27,"column":101}},"28":{"start":{"line":27,"column":102},"end":{"line":27,"column":107}},"29":{"start":{"line":28,"column":17},"end":{"line":28,"column":64}},"30":{"start":{"line":28,"column":65},"end":{"line":28,"column":70}},"31":{"start":{"line":31,"column":8},"end":{"line":31,"column":53}},"32":{"start":{"line":34,"column":4},"end":{"line":34,"column":24}}},"fnMap":{"0":{"name":"(anonymous_0)","decl":{"start":{"line":7,"column":25},"end":{"line":7,"column":26}},"loc":{"start":{"line":7,"column":35},"end":{"line":33,"column":5}},"line":7},"1":{"name":"(anonymous_1)","decl":{"start":{"line":14,"column":27},"end":{"line":14,"column":28}},"loc":{"start":{"line":14,"column":35},"end":{"line":14,"column":62}},"line":14}},"branchMap":{"0":{"loc":{"start":{"line":8,"column":6},"end":{"line":10,"column":7}},"type":"if","locations":[{"start":{"line":8,"column":6},"end":{"line":10,"column":7}},{"start":{"line":8,"column":6},"end":{"line":10,"column":7}}],"line":8},"1":{"loc":{"start":{"line":11,"column":6},"end":{"line":32,"column":7}},"type":"if","locations":[{"start":{"line":11,"column":6},"end":{"line":32,"column":7}},{"start":{"line":11,"column":6},"end":{"line":32,"column":7}}],"line":11},"2":{"loc":{"start":{"line":11,"column":10},"end":{"line":11,"column":57}},"type":"binary-expr","locations":[{"start":{"line":11,"column":10},"end":{"line":11,"column":34}},{"start":{"line":11,"column":38},"end":{"line":11,"column":57}}],"line":11},"3":{"loc":{"start":{"line":13,"column":8},"end":{"line":17,"column":9}},"type":"if","locations":[{"start":{"line":13,"column":8},"end":{"line":17,"column":9}},{"start":{"line":13,"column":8},"end":{"line":17,"column":9}}],"line":13},"4":{"loc":{"start":{"line":13,"column":12},"end":{"line":13,"column":46}},"type":"binary-expr","locations":[{"start":{"line":13,"column":12},"end":{"line":13,"column":32}},{"start":{"line":13,"column":36},"end":{"line":13,"column":46}}],"line":13},"5":{"loc":{"start":{"line":15,"column":15},"end":{"line":17,"column":9}},"type":"if","locations":[{"start":{"line":15,"column":15},"end":{"line":17,"column":9}},{"start":{"line":15,"column":15},"end":{"line":17,"column":9}}],"line":15},"6":{"loc":{"start":{"line":20,"column":8},"end":{"line":29,"column":9}},"type":"switch","locations":[{"start":{"line":21,"column":8},"end":{"line":21,"column":113}},{"start":{"line":22,"column":8},"end":{"line":22,"column":111}},{"start":{"line":23,"column":8},"end":{"line":23,"column":107}},{"start":{"line":24,"column":8},"end":{"line":24,"column":109}},{"start":{"line":25,"column":8},"end":{"line":25,"column":109}},{"start":{"line":26,"column":8},"end":{"line":26,"column":107}},{"start":{"line":27,"column":8},"end":{"line":27,"column":107}},{"start":{"line":28,"column":8},"end":{"line":28,"column":70}}],"line":20}},"s":{"0":1,"1":1,"2":1,"3":0,"4":0,"5":0,"6":0,"7":0,"8":0,"9":0,"10":0,"11":0,"12":0,"13":0,"14":0,"15":0,"16":0,"17":0,"18":0,"19":0,"20":0,"21":0,"22":0,"23":0,"24":0,"25":0,"26":0,"27":0,"28":0,"29":0,"30":0,"31":0,"32":0},"f":{"0":0,"1":0},"b":{"0":[0,0],"1":[0,0],"2":[0,0],"3":[0,0],"4":[0,0],"5":[0,0],"6":[0,0,0,0,0,0,0,0]},"_coverageSchema":"332fd63041d2c1bcb487cc26dd0d5f7d97098a6c","hash":"23eac2535f617e0f20de3b27ae55cce3555bdd13"}
,"/Users/rodrigotanikawa/Documents/Angular-7-CRUD-with-Web-API-master/node-server/node-express-boilerplate/src/utils/httpError.js": {"path":"/Users/rodrigotanikawa/Documents/Angular-7-CRUD-with-Web-API-master/node-server/node-express-boilerplate/src/utils/httpError.js","statementMap":{"0":{"start":{"line":1,"column":0},"end":{"line":6,"column":1}},"1":{"start":{"line":2,"column":12},"end":{"line":2,"column":30}},"2":{"start":{"line":3,"column":2},"end":{"line":3,"column":21}},"3":{"start":{"line":4,"column":2},"end":{"line":4,"column":19}},"4":{"start":{"line":5,"column":2},"end":{"line":5,"column":12}}},"fnMap":{"0":{"name":"(anonymous_0)","decl":{"start":{"line":1,"column":17},"end":{"line":1,"column":18}},"loc":{"start":{"line":1,"column":44},"end":{"line":6,"column":1}},"line":1}},"branchMap":{},"s":{"0":1,"1":0,"2":0,"3":0,"4":0},"f":{"0":0},"b":{},"_coverageSchema":"332fd63041d2c1bcb487cc26dd0d5f7d97098a6c","hash":"ae497e37cf6486ec192f77dae66babae6c2e881d"}
,"/Users/rodrigotanikawa/Documents/Angular-7-CRUD-with-Web-API-master/node-server/node-express-boilerplate/src/utils/transformData.js": {"path":"/Users/rodrigotanikawa/Documents/Angular-7-CRUD-with-Web-API-master/node-server/node-express-boilerplate/src/utils/transformData.js","statementMap":{"0":{"start":{"line":1,"column":0},"end":{"line":14,"column":1}},"1":{"start":{"line":3,"column":25},"end":{"line":11,"column":10}},"2":{"start":{"line":3,"column":43},"end":{"line":3,"column":55}},"3":{"start":{"line":4,"column":6},"end":{"line":9,"column":7}},"4":{"start":{"line":5,"column":20},"end":{"line":5,"column":64}},"5":{"start":{"line":5,"column":40},"end":{"line":5,"column":63}},"6":{"start":{"line":6,"column":21},"end":{"line":6,"column":29}},"7":{"start":{"line":7,"column":8},"end":{"line":7,"column":28}},"8":{"start":{"line":8,"column":8},"end":{"line":8,"column":27}},"9":{"start":{"line":10,"column":6},"end":{"line":10,"column":19}},"10":{"start":{"line":12,"column":4},"end":{"line":12,"column":25}}},"fnMap":{"0":{"name":"(anonymous_0)","decl":{"start":{"line":3,"column":34},"end":{"line":3,"column":35}},"loc":{"start":{"line":3,"column":43},"end":{"line":3,"column":55}},"line":3},"1":{"name":"(anonymous_1)","decl":{"start":{"line":3,"column":64},"end":{"line":3,"column":65}},"loc":{"start":{"line":3,"column":85},"end":{"line":11,"column":5}},"line":3},"2":{"name":"(anonymous_2)","decl":{"start":{"line":5,"column":32},"end":{"line":5,"column":33}},"loc":{"start":{"line":5,"column":40},"end":{"line":5,"column":63}},"line":5}},"branchMap":{"0":{"loc":{"start":{"line":4,"column":6},"end":{"line":9,"column":7}},"type":"if","locations":[{"start":{"line":4,"column":6},"end":{"line":9,"column":7}},{"start":{"line":4,"column":6},"end":{"line":9,"column":7}}],"line":4}},"s":{"0":1,"1":0,"2":0,"3":0,"4":0,"5":0,"6":0,"7":0,"8":0,"9":0,"10":0},"f":{"0":0,"1":0,"2":0},"b":{"0":[0,0]},"_coverageSchema":"332fd63041d2c1bcb487cc26dd0d5f7d97098a6c","hash":"2ffc5183e0ab7a86764600e35b80c6999bb5a842"}
}
