TN:
SF:/Users/rodrigotanikawa/Documents/Angular-7-CRUD-with-Web-API-master/node-server/node-express-boilerplate/src/config/database.js
FNF:0
FNH:0
DA:1,1
LF:1
LH:1
BRF:0
BRH:0
end_of_record
TN:
SF:/Users/rodrigotanikawa/Documents/Angular-7-CRUD-with-Web-API-master/node-server/node-express-boilerplate/src/repositories/Transaction.js
FN:5,(anonymous_0)
FNF:1
FNH:0
FNDA:0,(anonymous_0)
DA:1,1
DA:5,1
DA:6,0
LF:3
LH:2
BRF:0
BRH:0
end_of_record
TN:
SF:/Users/rodrigotanikawa/Documents/Angular-7-CRUD-with-Web-API-master/node-server/node-express-boilerplate/src/repositories/dbContext.js
FNF:0
FNH:0
DA:1,1
DA:2,1
DA:3,1
DA:5,1
DA:10,1
DA:12,1
LF:6
LH:6
BRDA:8,0,0,0
BRDA:8,0,1,1
BRF:2
BRH:1
end_of_record
TN:
SF:/Users/rodrigotanikawa/Documents/Angular-7-CRUD-with-Web-API-master/node-server/node-express-boilerplate/src/repositories/index.js
FNF:0
FNH:0
DA:1,1
DA:2,1
DA:3,1
DA:5,1
LF:4
LH:4
BRF:0
BRH:0
end_of_record
TN:
SF:/Users/rodrigotanikawa/Documents/Angular-7-CRUD-with-Web-API-master/node-server/node-express-boilerplate/src/repositories/produtos.js
FN:26,(anonymous_0)
FNF:1
FNH:0
FNDA:0,(anonymous_0)
DA:1,1
DA:3,1
DA:26,1
DA:27,0
DA:28,0
DA:29,0
DA:32,1
LF:7
LH:4
BRF:0
BRH:0
end_of_record
TN:
SF:/Users/rodrigotanikawa/Documents/Angular-7-CRUD-with-Web-API-master/node-server/node-express-boilerplate/src/services/produtos/getAll.js
FN:7,(anonymous_0)
FNF:1
FNH:1
FNDA:1,(anonymous_0)
DA:1,1
DA:2,1
DA:3,1
DA:4,1
DA:5,1
DA:7,1
DA:12,1
DA:14,1
LF:8
LH:8
BRF:0
BRH:0
end_of_record
TN:
SF:/Users/rodrigotanikawa/Documents/Angular-7-CRUD-with-Web-API-master/node-server/node-express-boilerplate/src/services/produtos/index.js
FNF:0
FNH:0
DA:1,1
DA:3,1
LF:2
LH:2
BRF:0
BRH:0
end_of_record
TN:
SF:/Users/rodrigotanikawa/Documents/Angular-7-CRUD-with-Web-API-master/node-server/node-express-boilerplate/src/utils/constant.js
FNF:0
FNH:0
DA:1,1
DA:7,1
LF:2
LH:2
BRF:0
BRH:0
end_of_record
TN:
SF:/Users/rodrigotanikawa/Documents/Angular-7-CRUD-with-Web-API-master/node-server/node-express-boilerplate/src/utils/db.js
FN:7,(anonymous_0)
FN:14,(anonymous_1)
FNF:2
FNH:0
FNDA:0,(anonymous_0)
FNDA:0,(anonymous_1)
DA:1,1
DA:2,1
DA:4,1
DA:6,0
DA:7,0
DA:8,0
DA:9,0
DA:11,0
DA:12,0
DA:13,0
DA:14,0
DA:15,0
DA:16,0
DA:20,0
DA:21,0
DA:22,0
DA:23,0
DA:24,0
DA:25,0
DA:26,0
DA:27,0
DA:28,0
DA:31,0
DA:34,0
LF:24
LH:3
BRDA:8,0,0,0
BRDA:8,0,1,0
BRDA:11,1,0,0
BRDA:11,1,1,0
BRDA:11,2,0,0
BRDA:11,2,1,0
BRDA:13,3,0,0
BRDA:13,3,1,0
BRDA:13,4,0,0
BRDA:13,4,1,0
BRDA:15,5,0,0
BRDA:15,5,1,0
BRDA:20,6,0,0
BRDA:20,6,1,0
BRDA:20,6,2,0
BRDA:20,6,3,0
BRDA:20,6,4,0
BRDA:20,6,5,0
BRDA:20,6,6,0
BRDA:20,6,7,0
BRF:20
BRH:0
end_of_record
TN:
SF:/Users/rodrigotanikawa/Documents/Angular-7-CRUD-with-Web-API-master/node-server/node-express-boilerplate/src/utils/httpError.js
FN:1,(anonymous_0)
FNF:1
FNH:0
FNDA:0,(anonymous_0)
DA:1,1
DA:2,0
DA:3,0
DA:4,0
DA:5,0
LF:5
LH:1
BRF:0
BRH:0
end_of_record
TN:
SF:/Users/rodrigotanikawa/Documents/Angular-7-CRUD-with-Web-API-master/node-server/node-express-boilerplate/src/utils/transformData.js
FN:3,(anonymous_0)
FN:3,(anonymous_1)
FN:5,(anonymous_2)
FNF:3
FNH:0
FNDA:0,(anonymous_0)
FNDA:0,(anonymous_1)
FNDA:0,(anonymous_2)
DA:1,1
DA:3,0
DA:4,0
DA:5,0
DA:6,0
DA:7,0
DA:8,0
DA:10,0
DA:12,0
LF:9
LH:1
BRDA:4,0,0,0
BRDA:4,0,1,0
BRF:2
BRH:0
end_of_record
